<?xml version="1.0" encoding="UTF-8"?>
<!-- Generated by org.testng.reporters.JUnitXMLReporter -->
<testsuite ignored="0" hostname="DESKTOP-7RU4KS3" failures="0" tests="3" name="Test" time="4.807" errors="0" timestamp="2022-12-06T19:50:08 IST">
  <testcase classname="cucumber.api.testng.AbstractTestNGCucumberTests" name="runScenario" time="3.598"/>
  <testcase classname="cucumber.api.testng.AbstractTestNGCucumberTests" name="runScenario" time="0.818"/>
  <testcase classname="cucumber.api.testng.AbstractTestNGCucumberTests" name="runScenario" time="0.127"/>
</testsuite> <!-- Test -->
