<?xml version="1.0" encoding="UTF-8"?>
<testng-results ignored="0" total="3" passed="3" failed="0" skipped="0">
  <reporter-output>
  </reporter-output>
  <suite started-at="2022-12-06T19:50:03 IST" name="Suite" finished-at="2022-12-06T19:50:08 IST" duration-ms="4807">
    <groups>
      <group name="cucumber">
        <method signature="AbstractTestNGCucumberTests.runScenario(cucumber.api.testng.PickleEventWrapper,cucumber.api.testng.CucumberFeatureWrapper)[pri:0, instance:testRunner.LoginRunner@48f278eb]" name="runScenario" class="cucumber.api.testng.AbstractTestNGCucumberTests"/>
        <method signature="AbstractTestNGCucumberTests.runScenario(cucumber.api.testng.PickleEventWrapper,cucumber.api.testng.CucumberFeatureWrapper)[pri:0, instance:testRunner.Match@1e04fa0a]" name="runScenario" class="cucumber.api.testng.AbstractTestNGCucumberTests"/>
        <method signature="AbstractTestNGCucumberTests.runScenario(cucumber.api.testng.PickleEventWrapper,cucumber.api.testng.CucumberFeatureWrapper)[pri:0, instance:testRunner.SearchHotel@66d3eec0]" name="runScenario" class="cucumber.api.testng.AbstractTestNGCucumberTests"/>
      </group> <!-- cucumber -->
    </groups>
    <test started-at="2022-12-06T19:50:03 IST" name="Test" finished-at="2022-12-06T19:50:08 IST" duration-ms="4807">
      <class name="testRunner.Match">
        <test-method is-config="true" signature="setUpClass()[pri:0, instance:testRunner.Match@1e04fa0a]" started-at="2022-12-06T19:50:08 IST" name="setUpClass" finished-at="2022-12-06T19:50:08 IST" duration-ms="2" status="PASS">
          <reporter-output>
          </reporter-output>
        </test-method> <!-- setUpClass -->
        <test-method signature="runScenario(cucumber.api.testng.PickleEventWrapper,cucumber.api.testng.CucumberFeatureWrapper)[pri:0, instance:testRunner.Match@1e04fa0a]" started-at="2022-12-06T19:50:08 IST" name="runScenario" description="Runs Cucumber Scenarios" data-provider="scenarios" finished-at="2022-12-06T19:50:08 IST" duration-ms="127" status="PASS">
          <params>
            <param index="0">
              <value>
                <![CDATA["to match search result"]]>
              </value>
            </param>
            <param index="1">
              <value>
                <![CDATA["match search results"]]>
              </value>
            </param>
          </params>
          <reporter-output>
          </reporter-output>
        </test-method> <!-- runScenario -->
        <test-method is-config="true" signature="tearDownClass()[pri:0, instance:testRunner.Match@1e04fa0a]" started-at="2022-12-06T19:50:08 IST" name="tearDownClass" finished-at="2022-12-06T19:50:08 IST" duration-ms="6" status="PASS">
          <reporter-output>
          </reporter-output>
        </test-method> <!-- tearDownClass -->
      </class> <!-- testRunner.Match -->
      <class name="testRunner.LoginRunner">
        <test-method is-config="true" signature="setUpClass()[pri:0, instance:testRunner.LoginRunner@48f278eb]" started-at="2022-12-06T19:50:03 IST" name="setUpClass" finished-at="2022-12-06T19:50:03 IST" duration-ms="105" status="PASS">
          <reporter-output>
          </reporter-output>
        </test-method> <!-- setUpClass -->
        <test-method signature="runScenario(cucumber.api.testng.PickleEventWrapper,cucumber.api.testng.CucumberFeatureWrapper)[pri:0, instance:testRunner.LoginRunner@48f278eb]" started-at="2022-12-06T19:50:03 IST" name="runScenario" description="Runs Cucumber Scenarios" data-provider="scenarios" finished-at="2022-12-06T19:50:07 IST" duration-ms="3598" status="PASS">
          <params>
            <param index="0">
              <value>
                <![CDATA["Login with valid credentials"]]>
              </value>
            </param>
            <param index="1">
              <value>
                <![CDATA["Login function test"]]>
              </value>
            </param>
          </params>
          <reporter-output>
          </reporter-output>
        </test-method> <!-- runScenario -->
        <test-method is-config="true" signature="tearDownClass()[pri:0, instance:testRunner.LoginRunner@48f278eb]" started-at="2022-12-06T19:50:07 IST" name="tearDownClass" finished-at="2022-12-06T19:50:07 IST" duration-ms="79" status="PASS">
          <reporter-output>
          </reporter-output>
        </test-method> <!-- tearDownClass -->
      </class> <!-- testRunner.LoginRunner -->
      <class name="testRunner.SearchHotel">
        <test-method is-config="true" signature="setUpClass()[pri:0, instance:testRunner.SearchHotel@66d3eec0]" started-at="2022-12-06T19:50:07 IST" name="setUpClass" finished-at="2022-12-06T19:50:07 IST" duration-ms="2" status="PASS">
          <reporter-output>
          </reporter-output>
        </test-method> <!-- setUpClass -->
        <test-method signature="runScenario(cucumber.api.testng.PickleEventWrapper,cucumber.api.testng.CucumberFeatureWrapper)[pri:0, instance:testRunner.SearchHotel@66d3eec0]" started-at="2022-12-06T19:50:07 IST" name="runScenario" description="Runs Cucumber Scenarios" data-provider="scenarios" finished-at="2022-12-06T19:50:08 IST" duration-ms="818" status="PASS">
          <params>
            <param index="0">
              <value>
                <![CDATA["search hotel test"]]>
              </value>
            </param>
            <param index="1">
              <value>
                <![CDATA["Hotel search function test"]]>
              </value>
            </param>
          </params>
          <reporter-output>
          </reporter-output>
        </test-method> <!-- runScenario -->
        <test-method is-config="true" signature="tearDownClass()[pri:0, instance:testRunner.SearchHotel@66d3eec0]" started-at="2022-12-06T19:50:08 IST" name="tearDownClass" finished-at="2022-12-06T19:50:08 IST" duration-ms="8" status="PASS">
          <reporter-output>
          </reporter-output>
        </test-method> <!-- tearDownClass -->
      </class> <!-- testRunner.SearchHotel -->
    </test> <!-- Test -->
  </suite> <!-- Suite -->
</testng-results>
